[2025-02-15T20:37:18.423+0100] {local_task_job_runner.py:123} INFO - ::group::Pre task execution logs
[2025-02-15T20:37:18.435+0100] {taskinstance.py:2614} INFO - Dependencies all met for dep_context=non-requeueable deps ti=<TaskInstance: prueba_simple.tarea_archivo scheduled__2025-02-15T19:36:00+00:00 [queued]>
[2025-02-15T20:37:18.442+0100] {taskinstance.py:2614} INFO - Dependencies all met for dep_context=requeueable deps ti=<TaskInstance: prueba_simple.tarea_archivo scheduled__2025-02-15T19:36:00+00:00 [queued]>
[2025-02-15T20:37:18.442+0100] {taskinstance.py:2867} INFO - Starting attempt 1 of 1
[2025-02-15T20:37:18.462+0100] {taskinstance.py:2890} INFO - Executing <Task(PythonOperator): tarea_archivo> on 2025-02-15 19:36:00+00:00
[2025-02-15T20:37:18.469+0100] {standard_task_runner.py:72} INFO - Started process 8120 to run task
[2025-02-15T20:37:18.473+0100] {standard_task_runner.py:104} INFO - Running: ['airflow', 'tasks', 'run', 'prueba_simple', 'tarea_archivo', 'scheduled__2025-02-15T19:36:00+00:00', '--job-id', '39', '--raw', '--subdir', 'DAGS_FOLDER/test.py', '--cfg-path', '/tmp/tmp_z5c6j2u']
[2025-02-15T20:37:18.474+0100] {standard_task_runner.py:105} INFO - Job 39: Subtask tarea_archivo
[2025-02-15T20:37:18.519+0100] {task_command.py:467} INFO - Running <TaskInstance: prueba_simple.tarea_archivo scheduled__2025-02-15T19:36:00+00:00 [running]> on host n97
[2025-02-15T20:37:18.604+0100] {taskinstance.py:3134} INFO - Exporting env vars: AIRFLOW_CTX_DAG_OWNER='airflow' AIRFLOW_CTX_DAG_ID='prueba_simple' AIRFLOW_CTX_TASK_ID='tarea_archivo' AIRFLOW_CTX_EXECUTION_DATE='2025-02-15T19:36:00+00:00' AIRFLOW_CTX_TRY_NUMBER='1' AIRFLOW_CTX_DAG_RUN_ID='scheduled__2025-02-15T19:36:00+00:00'
[2025-02-15T20:37:18.606+0100] {logging_mixin.py:190} INFO - Task instance is in running state
[2025-02-15T20:37:18.607+0100] {logging_mixin.py:190} INFO -  Previous state of the Task instance: queued
[2025-02-15T20:37:18.607+0100] {logging_mixin.py:190} INFO - Current task name:tarea_archivo state:running start_date:2025-02-15 19:37:18.435704+00:00
[2025-02-15T20:37:18.607+0100] {logging_mixin.py:190} INFO - Dag name:prueba_simple and current dag run status:running
[2025-02-15T20:37:18.608+0100] {taskinstance.py:732} INFO - ::endgroup::
[2025-02-15T20:37:28.631+0100] {python.py:240} INFO - Done. Returned value was: None
[2025-02-15T20:37:28.641+0100] {taskinstance.py:341} INFO - ::group::Post task execution logs
[2025-02-15T20:37:28.641+0100] {taskinstance.py:353} INFO - Marking task as SUCCESS. dag_id=prueba_simple, task_id=tarea_archivo, run_id=scheduled__2025-02-15T19:36:00+00:00, execution_date=20250215T193600, start_date=20250215T193718, end_date=20250215T193728
[2025-02-15T20:37:28.671+0100] {logging_mixin.py:190} INFO - Task instance in success state
[2025-02-15T20:37:28.672+0100] {logging_mixin.py:190} INFO -  Previous state of the Task instance: running
[2025-02-15T20:37:28.672+0100] {logging_mixin.py:190} INFO - Dag name:prueba_simple queued_at:2025-02-15 19:37:15.837240+00:00
[2025-02-15T20:37:28.673+0100] {logging_mixin.py:190} INFO - Task hostname:n97 operator:PythonOperator
[2025-02-15T20:37:28.694+0100] {local_task_job_runner.py:266} INFO - Task exited with return code 0
[2025-02-15T20:37:28.714+0100] {taskinstance.py:3901} INFO - 1 downstream tasks scheduled from follow-on schedule check
[2025-02-15T20:37:28.722+0100] {local_task_job_runner.py:245} INFO - ::endgroup::
